<?xml version="1.0" encoding="UTF-8"?>
<!-- Generated by org.testng.reporters.JUnitXMLReporter -->
<testsuite hostname="admin-PC" ignored="0" name="Test" tests="1" failures="1" timestamp="06 Jan 2022 17:40:24 GMT" time="0.235" errors="0">
  <testcase name="method" time="0.0" classname="org.sample1.DriverRun">
    <failure type="org.testng.TestNGException" message="
Cannot inject @Test annotated Method [method] with [class java.lang.String].
For more information on native dependency injection please refer to http://testng.org/doc/documentation-main.html#native-dependency-injection">
      <![CDATA[org.testng.TestNGException: 
Cannot inject @Test annotated Method [method] with [class java.lang.String].
For more information on native dependency injection please refer to http://testng.org/doc/documentation-main.html#native-dependency-injection
... Removed 24 stack frames]]>
    </failure>
  </testcase> <!-- method -->
</testsuite> <!-- Test -->
